#
# There is insufficient memory for the Java Runtime Environment to continue.
# Native memory allocation (mmap) failed to map 266338304 bytes. Error detail: G1 virtual space
# Possible reasons:
#   The system is out of physical RAM or swap space
#   This process is running with CompressedOops enabled, and the Java Heap may be blocking the growth of the native heap
# Possible solutions:
#   Reduce memory load on the system
#   Increase physical memory or swap space
#   Check if swap backing store is full
#   Decrease Java heap size (-Xmx/-Xms)
#   Decrease number of Java threads
#   Decrease Java thread stack sizes (-Xss)
#   Set larger code cache with -XX:ReservedCodeCacheSize=
#   JVM is running with Zero Based Compressed Oops mode in which the Java heap is
#     placed in the first 32GB address space. The Java Heap base address is the
#     maximum limit for the native heap growth. Please use -XX:HeapBaseMinAddress
#     to set the Java Heap base and to place the Java Heap above 32GB virtual address.
# This output file may be truncated or incomplete.
#
#  Out of Memory Error (os_windows.cpp:3898), pid=20780, tid=19584
#
# JRE version:  (21.0.7) (build )
# Java VM: OpenJDK 64-Bit Server VM (21.0.7+-13880790-b1038.58, mixed mode, sharing, tiered, compressed oops, compressed class ptrs, g1 gc, windows-amd64)
# No core dump will be written. Minidumps are not enabled by default on client versions of Windows
#

---------------  S U M M A R Y ------------

Command Line: 

Host: Intel(R) Core(TM) i5-10400 CPU @ 2.90GHz, 12 cores, 15G,  Windows 11 , 64 bit Build 26100 (10.0.26100.4768)
Time: Sat Apr 25 17:07:34 2026 West Asia Standard Time elapsed time: 1.320500 seconds (0d 0h 0m 1s)

---------------  T H R E A D  ---------------

Current thread (0x0000021c832f0660):  JavaThread "Unknown thread" [_thread_in_vm, id=19584, stack(0x000000d718000000,0x000000d718100000) (1024K)]

Stack: [0x000000d718000000,0x000000d718100000]
Native frames: (J=compiled Java code, j=interpreted, Vv=VM code, C=native code)
V  [jvm.dll+0x6d25c9]
V  [jvm.dll+0x860923]
V  [jvm.dll+0x862e7e]
V  [jvm.dll+0x863563]
V  [jvm.dll+0x27f156]
V  [jvm.dll+0x6ceee5]
V  [jvm.dll+0x6c29aa]
V  [jvm.dll+0x355ebb]
V  [jvm.dll+0x35db16]
V  [jvm.dll+0x3afb16]
V  [jvm.dll+0x3afde8]
V  [jvm.dll+0x32855c]
V  [jvm.dll+0x32924b]
V  [jvm.dll+0x828379]
V  [jvm.dll+0x3bcce8]
V  [jvm.dll+0x811628]
V  [jvm.dll+0x45121e]
V  [jvm.dll+0x452981]
C  [jli.dll+0x52ab]
C  [ucrtbase.dll+0x37b0]
C  [KERNEL32.DLL+0x2e8d7]
C  [ntdll.dll+0x3c34c]


---------------  P R O C E S S  ---------------

Threads class SMR info:
_java_thread_list=0x00007ffd72ee4888, length=0, elements={
}

Java Threads: ( => current thread )
Total: 0

Other Threads:
  0x0000021c8577dd50 WorkerThread "GC Thread#0"                     [id=22184, stack(0x000000d718100000,0x000000d718200000) (1024K)]
  0x0000021c8578f8c0 ConcurrentGCThread "G1 Main Marker"            [id=21668, stack(0x000000d718200000,0x000000d718300000) (1024K)]
  0x0000021c85790b60 WorkerThread "G1 Conc#0"                       [id=11424, stack(0x000000d718300000,0x000000d718400000) (1024K)]

[error occurred during error reporting (printing all threads), id 0xc0000005, EXCEPTION_ACCESS_VIOLATION (0xc0000005) at pc=0x00007ffd726db5b7]
VM state: not at safepoint (not fully initialized)

VM Mutex/Monitor currently owned by a thread:  ([mutex/lock_event])
[0x00007ffd72f51568] Heap_lock - owner thread: 0x0000021c832f0660

Heap address: 0x0000000702a00000, size: 4054 MB, Compressed Oops mode: Zero based, Oop shift amount: 3

CDS archive(s) mapped at: [0x0000000000000000-0x0000000000000000-0x0000000000000000), size 0, SharedBaseAddress: 0x0000000800000000, ArchiveRelocationMode: 1.
Narrow klass base: 0x0000000000000000, Narrow klass shift: 0, Narrow klass range: 0x0

GC Precious Log:
 CardTable entry size: 512
 Card Set container configuration: InlinePtr #cards 4 size 8 Array Of Cards #cards 16 size 48 Howl #buckets 8 coarsen threshold 3686 Howl Bitmap #cards 512 size 80 coarsen threshold 460 Card regions per heap region 1 cards per card region 4096

Heap:
 garbage-first heap   total 0K, used 0K [0x0000000702a00000, 0x0000000800000000)
  region size 2048K, 0 young (0K), 0 survivors (0K)
 Metaspace       used 0K, committed 0K, reserved 0K
  class space    used 0K, committed 0K, reserved 0K

Heap Regions: E=young(eden), S=young(survivor), O=old, HS=humongous(starts), HC=humongous(continues), CS=collection set, F=free, TAMS=top-at-mark-start, PB=parsable bottom

Card table byte_map: [0x0000021c985b0000,0x0000021c98da0000] _byte_map_base: 0x0000021c94d9b000

Marking Bits: (CMBitMap*) 0x0000021c8577e450
 Bits: [0x0000021c98da0000, 0x0000021c9ccf8000)

GC Heap History (0 events):
No events

Dll operation events (1 events):
Event: 0.010 Loaded shared library C:\Program Files\Android\Android Studio\jbr\bin\java.dll

Deoptimization events (0 events):
No events

Classes loaded (0 events):
No events

Classes unloaded (0 events):
No events

Classes redefined (0 events):
No events

Internal exceptions (0 events):
No events

ZGC Phase Switch (0 events):
No events

VM Operations (0 events):
No events

Memory protections (0 events):
No events

Nmethod flushes (0 events):
No events

Events (0 events):
No events


Dynamic libraries:
0x00007ff7d0ad0000 - 0x00007ff7d0ada000 	C:\Program Files\Android\Android Studio\jbr\bin\java.EXE
0x00007ffdef540000 - 0x00007ffdef7a7000 	C:\WINDOWS\SYSTEM32\ntdll.dll
0x00007ffdee380000 - 0x00007ffdee449000 	C:\WINDOWS\System32\KERNEL32.DLL
0x00007ffdec7c0000 - 0x00007ffdecbb0000 	C:\WINDOWS\System32\KERNELBASE.dll
0x00007ffdecbc0000 - 0x00007ffdecd0b000 	C:\WINDOWS\System32\ucrtbase.dll
0x00007ffd72380000 - 0x00007ffd7239b000 	C:\Program Files\Android\Android Studio\jbr\bin\VCRUNTIME140.dll
0x00007ffde9320000 - 0x00007ffde9338000 	C:\Program Files\Android\Android Studio\jbr\bin\jli.dll
0x00007ffdee470000 - 0x00007ffdee635000 	C:\WINDOWS\System32\USER32.dll
0x00007ffdd8f20000 - 0x00007ffdd91ba000 	C:\WINDOWS\WinSxS\amd64_microsoft.windows.common-controls_6595b64144ccf1df_6.0.26100.4768_none_3e0c112ce331287c\COMCTL32.dll
0x00007ffdece60000 - 0x00007ffdece87000 	C:\WINDOWS\System32\win32u.dll
0x00007ffdedc10000 - 0x00007ffdedcb9000 	C:\WINDOWS\System32\msvcrt.dll
0x00007ffded790000 - 0x00007ffded7bb000 	C:\WINDOWS\System32\GDI32.dll
0x00007ffded190000 - 0x00007ffded2c8000 	C:\WINDOWS\System32\gdi32full.dll
0x00007ffdecdb0000 - 0x00007ffdece53000 	C:\WINDOWS\System32\msvcp_win.dll
0x00007ffdeed90000 - 0x00007ffdeedbf000 	C:\WINDOWS\System32\IMM32.DLL
0x00007ffd79eb0000 - 0x00007ffd79ebc000 	C:\Program Files\Android\Android Studio\jbr\bin\vcruntime140_1.dll
0x00007ffde5630000 - 0x00007ffde56bd000 	C:\Program Files\Android\Android Studio\jbr\bin\msvcp140.dll
0x00007ffd723a0000 - 0x00007ffd7302e000 	C:\Program Files\Android\Android Studio\jbr\bin\server\jvm.dll
0x00007ffded940000 - 0x00007ffded9f4000 	C:\WINDOWS\System32\ADVAPI32.dll
0x00007ffdee160000 - 0x00007ffdee206000 	C:\WINDOWS\System32\sechost.dll
0x00007ffdef3e0000 - 0x00007ffdef4f8000 	C:\WINDOWS\System32\RPCRT4.dll
0x00007ffdedcc0000 - 0x00007ffdedd34000 	C:\WINDOWS\System32\WS2_32.dll
0x00007ffdec4f0000 - 0x00007ffdec54e000 	C:\WINDOWS\SYSTEM32\POWRPROF.dll
0x00007ffdd93c0000 - 0x00007ffdd93f5000 	C:\WINDOWS\SYSTEM32\WINMM.dll
0x00007ffddda60000 - 0x00007ffddda6b000 	C:\WINDOWS\SYSTEM32\VERSION.dll
0x00007ffdec4b0000 - 0x00007ffdec4c4000 	C:\WINDOWS\SYSTEM32\UMPDC.dll
0x00007ffdeb3f0000 - 0x00007ffdeb40b000 	C:\WINDOWS\SYSTEM32\kernel.appcore.dll
0x00007ffd73280000 - 0x00007ffd7328a000 	C:\Program Files\Android\Android Studio\jbr\bin\jimage.dll
0x00007ffdd99c0000 - 0x00007ffdd9c01000 	C:\WINDOWS\SYSTEM32\DBGHELP.DLL
0x00007ffdeedd0000 - 0x00007ffdef155000 	C:\WINDOWS\System32\combase.dll
0x00007ffdeda00000 - 0x00007ffdedae0000 	C:\WINDOWS\System32\OLEAUT32.dll
0x00007ffdd9370000 - 0x00007ffdd93b3000 	C:\WINDOWS\SYSTEM32\dbgcore.DLL
0x00007ffdecd10000 - 0x00007ffdecda9000 	C:\WINDOWS\System32\bcryptPrimitives.dll
0x00007ffd72360000 - 0x00007ffd72380000 	C:\Program Files\Android\Android Studio\jbr\bin\java.dll

dbghelp: loaded successfully - version: 4.0.5 - missing functions: none
symbol engine: initialized successfully - sym options: 0x614 - pdb path: .;C:\Program Files\Android\Android Studio\jbr\bin;C:\WINDOWS\SYSTEM32;C:\WINDOWS\WinSxS\amd64_microsoft.windows.common-controls_6595b64144ccf1df_6.0.26100.4768_none_3e0c112ce331287c;C:\Program Files\Android\Android Studio\jbr\bin\server

VM Arguments:
java_command: <unknown>
java_class_path (initial): <not set>
Launcher Type: SUN_STANDARD

[Global flags]
     intx CICompilerCount                          = 4                                         {product} {ergonomic}
     uint ConcGCThreads                            = 3                                         {product} {ergonomic}
     uint G1ConcRefinementThreads                  = 10                                        {product} {ergonomic}
   size_t G1HeapRegionSize                         = 2097152                                   {product} {ergonomic}
    uintx GCDrainStackTargetSize                   = 64                                        {product} {ergonomic}
   size_t InitialHeapSize                          = 266338304                                 {product} {ergonomic}
   size_t MarkStackSize                            = 4194304                                   {product} {ergonomic}
   size_t MaxHeapSize                              = 4250927104                                {product} {ergonomic}
   size_t MinHeapDeltaBytes                        = 2097152                                   {product} {ergonomic}
   size_t MinHeapSize                              = 8388608                                   {product} {ergonomic}
    uintx NonNMethodCodeHeapSize                   = 5839372                                {pd product} {ergonomic}
    uintx NonProfiledCodeHeapSize                  = 122909434                              {pd product} {ergonomic}
    uintx ProfiledCodeHeapSize                     = 122909434                              {pd product} {ergonomic}
    uintx ReservedCodeCacheSize                    = 251658240                              {pd product} {ergonomic}
     bool SegmentedCodeCache                       = true                                      {product} {ergonomic}
   size_t SoftMaxHeapSize                          = 4250927104                             {manageable} {ergonomic}
     bool UseCompressedOops                        = true                           {product lp64_product} {ergonomic}
     bool UseG1GC                                  = true                                      {product} {ergonomic}
     bool UseLargePagesIndividualAllocation        = false                                  {pd product} {ergonomic}

Logging:
Log output configuration:
 #0: stdout all=warning uptime,level,tags foldmultilines=false
 #1: stderr all=off uptime,level,tags foldmultilines=false

Environment Variables:
PATH=C:\Program Files (x86)\Common Files\Oracle\Java\javapath;C:\WINDOWS\system32;C:\WINDOWS;C:\WINDOWS\System32\Wbem;C:\WINDOWS\System32\WindowsPowerShell\v1.0\;C:\WINDOWS\System32\OpenSSH\;c:\Users\user\AppData\Local\Programs\cursor\resources\app\codeBin;C:\Users\user\AppData\Local\Microsoft\WindowsApps;D:\Users\user\AppData\Local\Programs\Antigravity\bin;C:\Users\user\AppData\Local\Programs\cursor\resources\app\bin;C:\Users\user\Desktop\src\flutter\bin\mingit\cmd
USERNAME=user
OS=Windows_NT
PROCESSOR_IDENTIFIER=Intel64 Family 6 Model 165 Stepping 3, GenuineIntel
TMP=C:\Users\user\AppData\Local\Temp
TEMP=C:\Users\user\AppData\Local\Temp




Periodic native trim disabled

JNI global refs:
JNI global refs: 0, weak refs: 0

JNI global refs memory usage: 0, weak refs: 0

Process memory usage:
Resident Set Size: 12972K (0% of 16600416K total physical memory with 1368216K free physical memory)

OOME stack traces (most recent first):
Classloader memory used:

---------------  S Y S T E M  ---------------

OS:
 Windows 11 , 64 bit Build 26100 (10.0.26100.4768)
OS uptime: 0 days 0:59 hours

CPU: total 12 (initial active 12) (6 cores per cpu, 2 threads per core) family 6 model 165 stepping 3 microcode 0xf0, cx8, cmov, fxsr, ht, mmx, 3dnowpref, sse, sse2, sse3, ssse3, sse4.1, sse4.2, popcnt, lzcnt, tsc, tscinvbit, avx, avx2, aes, erms, clmul, bmi1, bmi2, adx, fma, vzeroupper, clflush, clflushopt, rdtscp, f16c
Processor Information for the first 12 processors :
  Max Mhz: 2904, Current Mhz: 2904, Mhz Limit: 2904

Memory: 4k page, system-wide physical 16211M (1336M free)
TotalPageFile size 20307M (AvailPageFile size 40M)
current process WorkingSet (physical memory assigned to process): 12M, peak: 12M
current process commit charge ("private bytes"): 64M, peak: 318M

vm_info: OpenJDK 64-Bit Server VM (21.0.7+-13880790-b1038.58) for windows-amd64 JRE (21.0.7+-13880790-b1038.58), built on 2025-08-04T20:56:21Z by "builder" with MS VC++ 16.10 / 16.11 (VS2019)

END.
