#
# There is insufficient memory for the Java Runtime Environment to continue.
# Native memory allocation (malloc) failed to allocate 1669776 bytes. Error detail: Chunk::new
# Possible reasons:
#   The system is out of physical RAM or swap space
#   This process is running with CompressedOops enabled, and the Java Heap may be blocking the growth of the native heap
# Possible solutions:
#   Reduce memory load on the system
#   Increase physical memory or swap space
#   Check if swap backing store is full
#   Decrease Java heap size (-Xmx/-Xms)
#   Decrease number of Java threads
#   Decrease Java thread stack sizes (-Xss)
#   Set larger code cache with -XX:ReservedCodeCacheSize=
#   JVM is running with Unscaled Compressed Oops mode in which the Java heap is
#     placed in the first 4GB address space. The Java Heap base address is the
#     maximum limit for the native heap growth. Please use -XX:HeapBaseMinAddress
#     to set the Java Heap base and to place the Java Heap above 4GB virtual address.
# This output file may be truncated or incomplete.
#
#  Out of Memory Error (arena.cpp:168), pid=21564, tid=19436
#
# JRE version: OpenJDK Runtime Environment Temurin-21.0.10+7 (21.0.10+7) (build 21.0.10+7-LTS)
# Java VM: OpenJDK 64-Bit Server VM Temurin-21.0.10+7 (21.0.10+7-LTS, mixed mode, sharing, tiered, compressed oops, compressed class ptrs, parallel gc, windows-amd64)
# No core dump will be written. Minidumps are not enabled by default on client versions of Windows
#

---------------  S U M M A R Y ------------

Command Line: --add-modules=ALL-SYSTEM --add-opens=java.base/java.util=ALL-UNNAMED --add-opens=java.base/java.lang=ALL-UNNAMED --add-opens=java.base/sun.nio.fs=ALL-UNNAMED -Declipse.application=org.eclipse.jdt.ls.core.id1 -Dosgi.bundles.defaultStartLevel=4 -Declipse.product=org.eclipse.jdt.ls.core.product -Djava.import.generatesMetadataFilesAtProjectRoot=false -DDetectVMInstallationsJob.disabled=true -Dfile.encoding=utf8 -XX:+UseParallelGC -XX:GCTimeRatio=4 -XX:AdaptiveSizePolicyWeight=90 -Dsun.zip.disableMemoryMapping=true -Xmx2G -Xms100m -Xlog:disable -javaagent:c:\Users\user\.antigravity\extensions\redhat.java-1.54.0-win32-x64\lombok\lombok-1.18.39-4050.jar -XX:+HeapDumpOnOutOfMemoryError -XX:HeapDumpPath=c:\Users\user\AppData\Roaming\Antigravity\User\workspaceStorage\89cf6e63b44166af2c90cfe724ccc06d\redhat.java -Daether.dependencyCollector.impl=bf c:\Users\user\.antigravity\extensions\redhat.java-1.54.0-win32-x64\server\plugins\org.eclipse.equinox.launcher_1.7.100.v20251111-0406.jar -configuration c:\Users\user\AppData\Roaming\Antigravity\User\globalStorage\redhat.java\1.54.0\config_win -data c:\Users\user\AppData\Roaming\Antigravity\User\workspaceStorage\89cf6e63b44166af2c90cfe724ccc06d\redhat.java\jdt_ws --pipe=\\.\pipe\lsp-e3a9519d2307a3c5d6bbee62da837ba6-sock

Host: Intel(R) Core(TM) i5-10400 CPU @ 2.90GHz, 12 cores, 15G,  Windows 11 , 64 bit Build 26100 (10.0.26100.4768)
Time: Tue Apr 28 17:37:15 2026 West Asia Standard Time elapsed time: 36.610096 seconds (0d 0h 0m 36s)

---------------  T H R E A D  ---------------

Current thread (0x000001b28aedff10):  JavaThread "C2 CompilerThread1" daemon [_thread_in_native, id=19436, stack(0x000000793e800000,0x000000793e900000) (1024K)]


Current CompileTask:
C2:36610 4285   !   4       org.eclipse.osgi.internal.loader.classpath.ClasspathManager::findClassImpl (328 bytes)

Stack: [0x000000793e800000,0x000000793e900000]
Native frames: (J=compiled Java code, j=interpreted, Vv=VM code, C=native code)
V  [jvm.dll+0x6d7a39]
V  [jvm.dll+0x8b4b26]
V  [jvm.dll+0x8b70de]
V  [jvm.dll+0x8b77c3]
V  [jvm.dll+0x284346]
V  [jvm.dll+0xc66ed]
V  [jvm.dll+0xc6c31]
V  [jvm.dll+0x3bec01]
V  [jvm.dll+0x38b162]
V  [jvm.dll+0x38a5aa]
V  [jvm.dll+0x24c560]
V  [jvm.dll+0x24bb40]
V  [jvm.dll+0x1cb34e]
V  [jvm.dll+0x25b85d]
V  [jvm.dll+0x259dea]
V  [jvm.dll+0x3f857e]
V  [jvm.dll+0x85f59d]
V  [jvm.dll+0x6d626d]
C  [ucrtbase.dll+0x37b0]
C  [KERNEL32.DLL+0x2e8d7]
C  [ntdll.dll+0x3c34c]


---------------  P R O C E S S  ---------------

Threads class SMR info:
_java_thread_list=0x000001b289b85520, length=44, elements={
0x000001b22b62b2e0, 0x000001b22b5d7f10, 0x000001b2890083c0, 0x000001b28900ad40,
0x000001b28900c780, 0x000001b28900b3d0, 0x000001b28900c0f0, 0x000001b2890361b0,
0x000001b28903ccd0, 0x000001b28900a020, 0x000001b28900ba60, 0x000001b28900ce10,
0x000001b28900d4a0, 0x000001b28900a6b0, 0x000001b289073a30, 0x000001b2890712d0,
0x000001b2890733a0, 0x000001b289074750, 0x000001b2890740c0, 0x000001b289071960,
0x000001b289072680, 0x000001b28aedff10, 0x000001b28b269480, 0x000001b289071ff0,
0x000001b289076190, 0x000001b289074de0, 0x000001b289075470, 0x000001b289075b00,
0x000001b289072d10, 0x000001b289076eb0, 0x000001b289076820, 0x000001b289077540,
0x000001b289077bd0, 0x000001b289078260, 0x000001b2890788f0, 0x000001b289e5c730,
0x000001b289e5ba10, 0x000001b289e5d450, 0x000001b289e5cdc0, 0x000001b289e5a660,
0x000001b289e5b380, 0x000001b289e5acf0, 0x000001b289e5c0a0, 0x000001b289e59fd0
}

Java Threads: ( => current thread )
  0x000001b22b62b2e0 JavaThread "main"                              [_thread_in_vm, id=15740, stack(0x000000793c800000,0x000000793c900000) (1024K)]
  0x000001b22b5d7f10 JavaThread "Reference Handler"          daemon [_thread_blocked, id=2228, stack(0x000000793cc00000,0x000000793cd00000) (1024K)]
  0x000001b2890083c0 JavaThread "Finalizer"                  daemon [_thread_blocked, id=6804, stack(0x000000793cd00000,0x000000793ce00000) (1024K)]
  0x000001b28900ad40 JavaThread "Signal Dispatcher"          daemon [_thread_blocked, id=18620, stack(0x000000793ce00000,0x000000793cf00000) (1024K)]
  0x000001b28900c780 JavaThread "Attach Listener"            daemon [_thread_blocked, id=20848, stack(0x000000793cf00000,0x000000793d000000) (1024K)]
  0x000001b28900b3d0 JavaThread "Service Thread"             daemon [_thread_blocked, id=6044, stack(0x000000793d000000,0x000000793d100000) (1024K)]
  0x000001b28900c0f0 JavaThread "Monitor Deflation Thread"   daemon [_thread_blocked, id=13208, stack(0x000000793d100000,0x000000793d200000) (1024K)]
  0x000001b2890361b0 JavaThread "C2 CompilerThread0"         daemon [_thread_in_native, id=10244, stack(0x000000793d200000,0x000000793d300000) (1024K)]
  0x000001b28903ccd0 JavaThread "C1 CompilerThread0"         daemon [_thread_in_vm, id=21464, stack(0x000000793d300000,0x000000793d400000) (1024K)]
  0x000001b28900a020 JavaThread "Common-Cleaner"             daemon [_thread_blocked, id=20652, stack(0x000000793d500000,0x000000793d600000) (1024K)]
  0x000001b28900ba60 JavaThread "Notification Thread"        daemon [_thread_blocked, id=20948, stack(0x000000793d600000,0x000000793d700000) (1024K)]
  0x000001b28900ce10 JavaThread "Active Thread: Equinox Container: 428efe92-273c-44e1-ab6f-ea1e722fd86f"        [_thread_blocked, id=23296, stack(0x000000793de00000,0x000000793df00000) (1024K)]
  0x000001b28900d4a0 JavaThread "Refresh Thread: Equinox Container: 428efe92-273c-44e1-ab6f-ea1e722fd86f" daemon [_thread_blocked, id=18808, stack(0x000000793d700000,0x000000793d800000) (1024K)]
  0x000001b28900a6b0 JavaThread "Framework Event Dispatcher: Equinox Container: 428efe92-273c-44e1-ab6f-ea1e722fd86f" daemon [_thread_blocked, id=21996, stack(0x000000793df00000,0x000000793e000000) (1024K)]
  0x000001b289073a30 JavaThread "Start Level: Equinox Container: 428efe92-273c-44e1-ab6f-ea1e722fd86f" daemon [_thread_blocked, id=20516, stack(0x000000793e000000,0x000000793e100000) (1024K)]
  0x000001b2890712d0 JavaThread "Bundle File Closer"         daemon [_thread_blocked, id=21856, stack(0x000000793e400000,0x000000793e500000) (1024K)]
  0x000001b2890733a0 JavaThread "SCR Component Actor"        daemon [_thread_blocked, id=6880, stack(0x000000793c600000,0x000000793c700000) (1024K)]
  0x000001b289074750 JavaThread "Worker-JM"                         [_thread_blocked, id=1960, stack(0x000000793e300000,0x000000793e400000) (1024K)]
  0x000001b2890740c0 JavaThread "JNA Cleaner"                daemon [_thread_blocked, id=6056, stack(0x000000793e500000,0x000000793e600000) (1024K)]
  0x000001b289071960 JavaThread "Worker-0: Updating Maven Dependencies"        [_thread_blocked, id=12284, stack(0x000000793e600000,0x000000793e700000) (1024K)]
  0x000001b289072680 JavaThread "Worker-1: Repository registry initialization"        [_thread_in_vm, id=22444, stack(0x000000793e700000,0x000000793e800000) (1024K)]
=>0x000001b28aedff10 JavaThread "C2 CompilerThread1"         daemon [_thread_in_native, id=19436, stack(0x000000793e800000,0x000000793e900000) (1024K)]
  0x000001b28b269480 JavaThread "C2 CompilerThread2"         daemon [_thread_in_native, id=21636, stack(0x000000793e900000,0x000000793ea00000) (1024K)]
  0x000001b289071ff0 JavaThread "Java indexing"              daemon [_thread_blocked, id=23424, stack(0x000000793ea00000,0x000000793eb00000) (1024K)]
  0x000001b289076190 JavaThread "Worker-2: Initialize After Load"        [_thread_blocked, id=22328, stack(0x000000793eb00000,0x000000793ec00000) (1024K)]
  0x000001b289074de0 JavaThread "Worker-3"                          [_thread_blocked, id=5676, stack(0x000000793ec00000,0x000000793ed00000) (1024K)]
  0x000001b289075470 JavaThread "Worker-4"                          [_thread_blocked, id=1508, stack(0x000000793f000000,0x000000793f100000) (1024K)]
  0x000001b289075b00 JavaThread "Worker-5: Synchronize Gradle projects with workspace"        [_thread_in_vm, id=22932, stack(0x000000793f100000,0x000000793f200000) (1024K)]
  0x000001b289072d10 JavaThread "Thread-1"                   daemon [_thread_in_native, id=5300, stack(0x000000793f200000,0x000000793f300000) (1024K)]
  0x000001b289076eb0 JavaThread "Thread-2"                   daemon [_thread_in_native, id=15812, stack(0x000000793f300000,0x000000793f400000) (1024K)]
  0x000001b289076820 JavaThread "Thread-3"                   daemon [_thread_in_native, id=13032, stack(0x000000793f400000,0x000000793f500000) (1024K)]
  0x000001b289077540 JavaThread "Thread-4"                   daemon [_thread_in_native, id=3428, stack(0x000000793f500000,0x000000793f600000) (1024K)]
  0x000001b289077bd0 JavaThread "Thread-5"                   daemon [_thread_in_native, id=6876, stack(0x000000793f600000,0x000000793f700000) (1024K)]
  0x000001b289078260 JavaThread "Thread-6"                   daemon [_thread_in_native, id=8488, stack(0x000000793f700000,0x000000793f800000) (1024K)]
  0x000001b2890788f0 JavaThread "Thread-7"                   daemon [_thread_in_native, id=13120, stack(0x000000793f800000,0x000000793f900000) (1024K)]
  0x000001b289e5c730 JavaThread "Thread-8"                   daemon [_thread_in_native, id=18956, stack(0x000000793f900000,0x000000793fa00000) (1024K)]
  0x000001b289e5ba10 JavaThread "Thread-9"                   daemon [_thread_in_native, id=4968, stack(0x000000793fa00000,0x000000793fb00000) (1024K)]
  0x000001b289e5d450 JavaThread "Thread-10"                  daemon [_thread_in_native, id=21076, stack(0x000000793fb00000,0x000000793fc00000) (1024K)]
  0x000001b289e5cdc0 JavaThread "Thread-11"                  daemon [_thread_in_native, id=7376, stack(0x000000793fc00000,0x000000793fd00000) (1024K)]
  0x000001b289e5a660 JavaThread "Thread-12"                  daemon [_thread_in_native, id=13476, stack(0x000000793fd00000,0x000000793fe00000) (1024K)]
  0x000001b289e5b380 JavaThread "Thread-13"                  daemon [_thread_in_native, id=10412, stack(0x000000793fe00000,0x000000793ff00000) (1024K)]
  0x000001b289e5acf0 JavaThread "pool-2-thread-1"                   [_thread_blocked, id=17136, stack(0x000000793ff00000,0x0000007940000000) (1024K)]
  0x000001b289e5c0a0 JavaThread "Timer-0"                           [_thread_blocked, id=18336, stack(0x0000007940000000,0x0000007940100000) (1024K)]
  0x000001b289e59fd0 JavaThread "Timer-1"                           [_thread_blocked, id=1840, stack(0x0000007940100000,0x0000007940200000) (1024K)]
Total: 44

Other Threads:
  0x000001b22b6ee9e0 VMThread "VM Thread"                           [id=7124, stack(0x000000793cb00000,0x000000793cc00000) (1024K)]
  0x000001b22b4bca00 WatcherThread "VM Periodic Task Thread"        [id=6980, stack(0x000000793ca00000,0x000000793cb00000) (1024K)]
  0x000001b22b64a4a0 WorkerThread "GC Thread#0"                     [id=9720, stack(0x000000793c900000,0x000000793ca00000) (1024K)]
  0x000001b289954f00 WorkerThread "GC Thread#1"                     [id=20588, stack(0x000000793d800000,0x000000793d900000) (1024K)]
  0x000001b289b14f90 WorkerThread "GC Thread#2"                     [id=23140, stack(0x000000793d900000,0x000000793da00000) (1024K)]
  0x000001b289a94740 WorkerThread "GC Thread#3"                     [id=15492, stack(0x000000793da00000,0x000000793db00000) (1024K)]
  0x000001b289a94af0 WorkerThread "GC Thread#4"                     [id=23160, stack(0x000000793db00000,0x000000793dc00000) (1024K)]
  0x000001b289a94ea0 WorkerThread "GC Thread#5"                     [id=23272, stack(0x000000793dc00000,0x000000793dd00000) (1024K)]
  0x000001b289ad08c0 WorkerThread "GC Thread#6"                     [id=23276, stack(0x000000793dd00000,0x000000793de00000) (1024K)]
  0x000001b289993f40 WorkerThread "GC Thread#7"                     [id=13856, stack(0x000000793d400000,0x000000793d500000) (1024K)]
  0x000001b28966a7f0 WorkerThread "GC Thread#8"                     [id=2600, stack(0x000000793e100000,0x000000793e200000) (1024K)]
  0x000001b28a337010 WorkerThread "GC Thread#9"                     [id=8304, stack(0x000000793e200000,0x000000793e300000) (1024K)]
Total: 12

Threads with active compile tasks:
C2 CompilerThread0  36672 4586       4       java.util.concurrent.locks.ReentrantLock$NonfairSync::initialTryLock (58 bytes)
C1 CompilerThread0  36672 4591       3       org.codehaus.plexus.util.InterpolationFilterReader::read (477 bytes)
C2 CompilerThread1  36672 4285   !   4       org.eclipse.osgi.internal.loader.classpath.ClasspathManager::findClassImpl (328 bytes)
C2 CompilerThread2  36672 4370       4       org.eclipse.osgi.internal.serviceregistry.ServiceRegistry::notifyHooksPrivileged (57 bytes)
Total: 4

VM state: not at safepoint (normal execution)

VM Mutex/Monitor currently owned by a thread: None

Heap address: 0x0000000080000000, size: 2048 MB, Compressed Oops mode: 32-bit

CDS archive(s) mapped at: [0x000001b242000000-0x000001b242ba0000-0x000001b242ba0000), size 12189696, SharedBaseAddress: 0x000001b242000000, ArchiveRelocationMode: 1.
Compressed class space mapped at: 0x000001b243000000-0x000001b283000000, reserved size: 1073741824
Narrow klass base: 0x000001b242000000, Narrow klass shift: 0, Narrow klass range: 0x100000000

GC Precious Log:
 CardTable entry size: 512
 CPUs: 12 total, 12 available
 Memory: 16211M
 Large Page Support: Disabled
 NUMA Support: Disabled
 Compressed Oops: Enabled (32-bit)
 Alignments: Space 512K, Generation 512K, Heap 2M
 Heap Min Capacity: 100M
 Heap Initial Capacity: 100M
 Heap Max Capacity: 2G
 Pre-touch: Disabled
 Parallel Workers: 10

Heap:
 PSYoungGen      total 25600K, used 10111K [0x00000000d5580000, 0x00000000d7100000, 0x0000000100000000)
  eden space 22016K, 45% used [0x00000000d5580000,0x00000000d5f5fda8,0x00000000d6b00000)
  from space 3584K, 0% used [0x00000000d6b00000,0x00000000d6b00000,0x00000000d6e80000)
  to   space 1536K, 0% used [0x00000000d6f80000,0x00000000d6f80000,0x00000000d7100000)
 ParOldGen       total 68608K, used 19218K [0x0000000080000000, 0x0000000084300000, 0x00000000d5580000)
  object space 68608K, 28% used [0x0000000080000000,0x00000000812c4860,0x0000000084300000)
 Metaspace       used 35976K, committed 37056K, reserved 1114112K
  class space    used 3800K, committed 4288K, reserved 1048576K

Card table byte_map: [0x000001b22afd0000,0x000001b22b3e0000] _byte_map_base: 0x000001b22abd0000

Marking Bits: (ParMarkBitMap*) 0x00007ffae5903450
 Begin Bits: [0x000001b23dae0000, 0x000001b23fae0000)
 End Bits:   [0x000001b23fae0000, 0x000001b241ae0000)

Polling page: 0x000001b229470000

Metaspace:

Usage:
  Non-class:     31.42 MB used.
      Class:      3.71 MB used.
       Both:     35.13 MB used.

Virtual space:
  Non-class space:       64.00 MB reserved,      32.00 MB ( 50%) committed,  1 nodes.
      Class space:        1.00 GB reserved,       4.19 MB ( <1%) committed,  1 nodes.
             Both:        1.06 GB reserved,      36.19 MB (  3%) committed. 

Chunk freelists:
   Non-Class:  0 bytes
       Class:  11.66 MB
        Both:  11.66 MB

MaxMetaspaceSize: unlimited
CompressedClassSpaceSize: 1.00 GB
Initial GC threshold: 21.00 MB
Current GC threshold: 58.38 MB
CDS: on
 - commit_granule_bytes: 65536.
 - commit_granule_words: 8192.
 - virtual_space_node_default_size: 8388608.
 - enlarge_chunks_in_place: 1.
 - use_allocation_guard: 0.


Internal statistics:

num_allocs_failed_limit: 6.
num_arena_births: 750.
num_arena_deaths: 14.
num_vsnodes_births: 2.
num_vsnodes_deaths: 0.
num_space_committed: 579.
num_space_uncommitted: 0.
num_chunks_returned_to_freelist: 20.
num_chunks_taken_from_freelist: 2314.
num_chunk_merges: 10.
num_chunk_splits: 1464.
num_chunks_enlarged: 858.
num_inconsistent_stats: 0.

CodeHeap 'non-profiled nmethods': size=120000Kb used=1848Kb max_used=2186Kb free=118151Kb
 bounds [0x000001b236300000, 0x000001b236570000, 0x000001b23d830000]
CodeHeap 'profiled nmethods': size=120000Kb used=8116Kb max_used=9567Kb free=111883Kb
 bounds [0x000001b22e830000, 0x000001b22f190000, 0x000001b235d60000]
CodeHeap 'non-nmethods': size=5760Kb used=1362Kb max_used=1406Kb free=4397Kb
 bounds [0x000001b235d60000, 0x000001b235fd0000, 0x000001b236300000]
CodeCache: size=245760Kb, used=11326Kb, max_used=13159Kb, free=234431Kb
 total_blobs=4654, nmethods=3997, adapters=561, full_count=0
Compilation: enabled, stopped_count=0, restarted_count=0

Compilation events (20 events):
Event: 35.596 Thread 0x000001b28903ccd0 nmethod 4536 0x000001b22ec49e90 code [0x000001b22ec4a040, 0x000001b22ec4a168]
Event: 35.596 Thread 0x000001b28903ccd0 4537       2       sun.reflect.generics.parser.SignatureParser::parseFieldTypeSignature (73 bytes)
Event: 35.596 Thread 0x000001b28903ccd0 nmethod 4537 0x000001b22e866b10 code [0x000001b22e866d40, 0x000001b22e867058]
Event: 35.597 Thread 0x000001b28903ccd0 4538       2       org.eclipse.osgi.storage.bundlefile.BundleFile::getResourceURL (24 bytes)
Event: 35.597 Thread 0x000001b28903ccd0 nmethod 4538 0x000001b22ea80710 code [0x000001b22ea808e0, 0x000001b22ea80aa8]
Event: 35.597 Thread 0x000001b28903ccd0 4539       2       org.eclipse.osgi.internal.loader.classpath.ClasspathEntry::findResource (65 bytes)
Event: 35.598 Thread 0x000001b28903ccd0 nmethod 4539 0x000001b22e8ba090 code [0x000001b22e8ba280, 0x000001b22e8ba580]
Event: 35.600 Thread 0x000001b28903ccd0 4540       2       java.util.regex.Pattern$CharProperty::<init> (10 bytes)
Event: 35.600 Thread 0x000001b28903ccd0 nmethod 4540 0x000001b22ec55290 code [0x000001b22ec55420, 0x000001b22ec55558]
Event: 35.601 Thread 0x000001b2890361b0 nmethod 4366 0x000001b236446b90 code [0x000001b2364472a0, 0x000001b23644c9f8]
Event: 35.601 Thread 0x000001b28903ccd0 4541       2       sun.reflect.generics.tree.ClassTypeSignature::accept (8 bytes)
Event: 35.602 Thread 0x000001b28903ccd0 nmethod 4541 0x000001b22e90bd10 code [0x000001b22e90bec0, 0x000001b22e90c030]
Event: 35.602 Thread 0x000001b28903ccd0 4542       2       sun.reflect.generics.visitor.Reifier::visitClassTypeSignature (381 bytes)
Event: 35.604 Thread 0x000001b28903ccd0 nmethod 4542 0x000001b22e9fe490 code [0x000001b22e9fe7a0, 0x000001b22e9ff1f0]
Event: 35.604 Thread 0x000001b28903ccd0 4543       2       java.lang.Class::getInterfaces (49 bytes)
Event: 35.604 Thread 0x000001b28903ccd0 nmethod 4543 0x000001b22e8eb510 code [0x000001b22e8eb700, 0x000001b22e8eb980]
Event: 35.604 Thread 0x000001b28903ccd0 4544       1       java.lang.reflect.Method::getGenericSignature (5 bytes)
Event: 35.605 Thread 0x000001b28903ccd0 nmethod 4544 0x000001b23633a810 code [0x000001b23633a9a0, 0x000001b23633aa68]
Event: 35.605 Thread 0x000001b2890361b0 4435       4       com.google.gson.stream.JsonReader::nextQuotedValue (296 bytes)
Event: 35.605 Thread 0x000001b28903ccd0 4545   !   3       org.eclipse.osgi.internal.loader.BundleLoader::findRequiredSource (283 bytes)

GC Heap History (20 events):
Event: 33.164 GC heap before
{Heap before GC invocations=6 (full 0):
 PSYoungGen      total 29184K, used 29163K [0x00000000d5580000, 0x00000000d7a00000, 0x0000000100000000)
  eden space 25088K, 100% used [0x00000000d5580000,0x00000000d6e00000,0x00000000d6e00000)
  from space 4096K, 99% used [0x00000000d6e80000,0x00000000d727ae40,0x00000000d7280000)
  to   space 6144K, 0% used [0x00000000d7400000,0x00000000d7400000,0x00000000d7a00000)
 ParOldGen       total 68608K, used 8170K [0x0000000080000000, 0x0000000084300000, 0x00000000d5580000)
  object space 68608K, 11% used [0x0000000080000000,0x00000000807fa9f8,0x0000000084300000)
 Metaspace       used 18615K, committed 19456K, reserved 1114112K
  class space    used 1951K, committed 2304K, reserved 1048576K
}
Event: 33.170 GC heap after
{Heap after GC invocations=6 (full 0):
 PSYoungGen      total 30208K, used 5219K [0x00000000d5580000, 0x00000000d7980000, 0x0000000100000000)
  eden space 24576K, 0% used [0x00000000d5580000,0x00000000d5580000,0x00000000d6d80000)
  from space 5632K, 92% used [0x00000000d7400000,0x00000000d7918da0,0x00000000d7980000)
  to   space 5632K, 0% used [0x00000000d6e80000,0x00000000d6e80000,0x00000000d7400000)
 ParOldGen       total 68608K, used 8178K [0x0000000080000000, 0x0000000084300000, 0x00000000d5580000)
  object space 68608K, 11% used [0x0000000080000000,0x00000000807fc9f8,0x0000000084300000)
 Metaspace       used 18615K, committed 19456K, reserved 1114112K
  class space    used 1951K, committed 2304K, reserved 1048576K
}
Event: 33.811 GC heap before
{Heap before GC invocations=7 (full 0):
 PSYoungGen      total 30208K, used 27392K [0x00000000d5580000, 0x00000000d7980000, 0x0000000100000000)
  eden space 24576K, 90% used [0x00000000d5580000,0x00000000d6b273e8,0x00000000d6d80000)
  from space 5632K, 92% used [0x00000000d7400000,0x00000000d7918da0,0x00000000d7980000)
  to   space 5632K, 0% used [0x00000000d6e80000,0x00000000d6e80000,0x00000000d7400000)
 ParOldGen       total 68608K, used 8178K [0x0000000080000000, 0x0000000084300000, 0x00000000d5580000)
  object space 68608K, 11% used [0x0000000080000000,0x00000000807fc9f8,0x0000000084300000)
 Metaspace       used 20713K, committed 21504K, reserved 1114112K
  class space    used 2192K, committed 2496K, reserved 1048576K
}
Event: 33.815 GC heap after
{Heap after GC invocations=7 (full 0):
 PSYoungGen      total 29696K, used 4629K [0x00000000d5580000, 0x00000000d7780000, 0x0000000100000000)
  eden space 24576K, 0% used [0x00000000d5580000,0x00000000d5580000,0x00000000d6d80000)
  from space 5120K, 90% used [0x00000000d6e80000,0x00000000d73057c0,0x00000000d7380000)
  to   space 4096K, 0% used [0x00000000d7380000,0x00000000d7380000,0x00000000d7780000)
 ParOldGen       total 68608K, used 9780K [0x0000000080000000, 0x0000000084300000, 0x00000000d5580000)
  object space 68608K, 14% used [0x0000000080000000,0x000000008098d008,0x0000000084300000)
 Metaspace       used 20713K, committed 21504K, reserved 1114112K
  class space    used 2192K, committed 2496K, reserved 1048576K
}
Event: 33.815 GC heap before
{Heap before GC invocations=8 (full 1):
 PSYoungGen      total 29696K, used 4629K [0x00000000d5580000, 0x00000000d7780000, 0x0000000100000000)
  eden space 24576K, 0% used [0x00000000d5580000,0x00000000d5580000,0x00000000d6d80000)
  from space 5120K, 90% used [0x00000000d6e80000,0x00000000d73057c0,0x00000000d7380000)
  to   space 4096K, 0% used [0x00000000d7380000,0x00000000d7380000,0x00000000d7780000)
 ParOldGen       total 68608K, used 9780K [0x0000000080000000, 0x0000000084300000, 0x00000000d5580000)
  object space 68608K, 14% used [0x0000000080000000,0x000000008098d008,0x0000000084300000)
 Metaspace       used 20713K, committed 21504K, reserved 1114112K
  class space    used 2192K, committed 2496K, reserved 1048576K
}
Event: 33.857 GC heap after
{Heap after GC invocations=8 (full 1):
 PSYoungGen      total 29696K, used 0K [0x00000000d5580000, 0x00000000d7780000, 0x0000000100000000)
  eden space 24576K, 0% used [0x00000000d5580000,0x00000000d5580000,0x00000000d6d80000)
  from space 5120K, 0% used [0x00000000d6e80000,0x00000000d6e80000,0x00000000d7380000)
  to   space 4096K, 0% used [0x00000000d7380000,0x00000000d7380000,0x00000000d7780000)
 ParOldGen       total 68608K, used 13743K [0x0000000080000000, 0x0000000084300000, 0x00000000d5580000)
  object space 68608K, 20% used [0x0000000080000000,0x0000000080d6bde8,0x0000000084300000)
 Metaspace       used 20700K, committed 21504K, reserved 1114112K
  class space    used 2188K, committed 2496K, reserved 1048576K
}
Event: 34.133 GC heap before
{Heap before GC invocations=9 (full 1):
 PSYoungGen      total 29696K, used 24576K [0x00000000d5580000, 0x00000000d7780000, 0x0000000100000000)
  eden space 24576K, 100% used [0x00000000d5580000,0x00000000d6d80000,0x00000000d6d80000)
  from space 5120K, 0% used [0x00000000d6e80000,0x00000000d6e80000,0x00000000d7380000)
  to   space 4096K, 0% used [0x00000000d7380000,0x00000000d7380000,0x00000000d7780000)
 ParOldGen       total 68608K, used 13743K [0x0000000080000000, 0x0000000084300000, 0x00000000d5580000)
  object space 68608K, 20% used [0x0000000080000000,0x0000000080d6bde8,0x0000000084300000)
 Metaspace       used 23118K, committed 24000K, reserved 1114112K
  class space    used 2357K, committed 2688K, reserved 1048576K
}
Event: 34.134 GC heap after
{Heap after GC invocations=9 (full 1):
 PSYoungGen      total 25088K, used 852K [0x00000000d5580000, 0x00000000d7480000, 0x0000000100000000)
  eden space 24064K, 0% used [0x00000000d5580000,0x00000000d5580000,0x00000000d6d00000)
  from space 1024K, 83% used [0x00000000d7380000,0x00000000d7455270,0x00000000d7480000)
  to   space 2560K, 0% used [0x00000000d6f80000,0x00000000d6f80000,0x00000000d7200000)
 ParOldGen       total 68608K, used 13743K [0x0000000080000000, 0x0000000084300000, 0x00000000d5580000)
  object space 68608K, 20% used [0x0000000080000000,0x0000000080d6bde8,0x0000000084300000)
 Metaspace       used 23118K, committed 24000K, reserved 1114112K
  class space    used 2357K, committed 2688K, reserved 1048576K
}
Event: 34.423 GC heap before
{Heap before GC invocations=10 (full 1):
 PSYoungGen      total 25088K, used 24916K [0x00000000d5580000, 0x00000000d7480000, 0x0000000100000000)
  eden space 24064K, 100% used [0x00000000d5580000,0x00000000d6d00000,0x00000000d6d00000)
  from space 1024K, 83% used [0x00000000d7380000,0x00000000d7455270,0x00000000d7480000)
  to   space 2560K, 0% used [0x00000000d6f80000,0x00000000d6f80000,0x00000000d7200000)
 ParOldGen       total 68608K, used 13743K [0x0000000080000000, 0x0000000084300000, 0x00000000d5580000)
  object space 68608K, 20% used [0x0000000080000000,0x0000000080d6bde8,0x0000000084300000)
 Metaspace       used 26541K, committed 27456K, reserved 1114112K
  class space    used 2625K, committed 3008K, reserved 1048576K
}
Event: 34.425 GC heap after
{Heap after GC invocations=10 (full 1):
 PSYoungGen      total 25600K, used 1858K [0x00000000d5580000, 0x00000000d7400000, 0x0000000100000000)
  eden space 23552K, 0% used [0x00000000d5580000,0x00000000d5580000,0x00000000d6c80000)
  from space 2048K, 90% used [0x00000000d6f80000,0x00000000d7150a58,0x00000000d7180000)
  to   space 2560K, 0% used [0x00000000d7180000,0x00000000d7180000,0x00000000d7400000)
 ParOldGen       total 68608K, used 14532K [0x0000000080000000, 0x0000000084300000, 0x00000000d5580000)
  object space 68608K, 21% used [0x0000000080000000,0x0000000080e312f8,0x0000000084300000)
 Metaspace       used 26541K, committed 27456K, reserved 1114112K
  class space    used 2625K, committed 3008K, reserved 1048576K
}
Event: 34.785 GC heap before
{Heap before GC invocations=11 (full 1):
 PSYoungGen      total 25600K, used 25410K [0x00000000d5580000, 0x00000000d7400000, 0x0000000100000000)
  eden space 23552K, 100% used [0x00000000d5580000,0x00000000d6c80000,0x00000000d6c80000)
  from space 2048K, 90% used [0x00000000d6f80000,0x00000000d7150a58,0x00000000d7180000)
  to   space 2560K, 0% used [0x00000000d7180000,0x00000000d7180000,0x00000000d7400000)
 ParOldGen       total 68608K, used 14532K [0x0000000080000000, 0x0000000084300000, 0x00000000d5580000)
  object space 68608K, 21% used [0x0000000080000000,0x0000000080e312f8,0x0000000084300000)
 Metaspace       used 28412K, committed 29376K, reserved 1114112K
  class space    used 2771K, committed 3200K, reserved 1048576K
}
Event: 34.786 GC heap after
{Heap after GC invocations=11 (full 1):
 PSYoungGen      total 25600K, used 2154K [0x00000000d5580000, 0x00000000d7400000, 0x0000000100000000)
  eden space 23040K, 0% used [0x00000000d5580000,0x00000000d5580000,0x00000000d6c00000)
  from space 2560K, 84% used [0x00000000d7180000,0x00000000d739a9a0,0x00000000d7400000)
  to   space 2560K, 0% used [0x00000000d6f00000,0x00000000d6f00000,0x00000000d7180000)
 ParOldGen       total 68608K, used 15161K [0x0000000080000000, 0x0000000084300000, 0x00000000d5580000)
  object space 68608K, 22% used [0x0000000080000000,0x0000000080ece4d8,0x0000000084300000)
 Metaspace       used 28412K, committed 29376K, reserved 1114112K
  class space    used 2771K, committed 3200K, reserved 1048576K
}
Event: 35.305 GC heap before
{Heap before GC invocations=12 (full 1):
 PSYoungGen      total 25600K, used 25194K [0x00000000d5580000, 0x00000000d7400000, 0x0000000100000000)
  eden space 23040K, 100% used [0x00000000d5580000,0x00000000d6c00000,0x00000000d6c00000)
  from space 2560K, 84% used [0x00000000d7180000,0x00000000d739a9a0,0x00000000d7400000)
  to   space 2560K, 0% used [0x00000000d6f00000,0x00000000d6f00000,0x00000000d7180000)
 ParOldGen       total 68608K, used 15161K [0x0000000080000000, 0x0000000084300000, 0x00000000d5580000)
  object space 68608K, 22% used [0x0000000080000000,0x0000000080ece4d8,0x0000000084300000)
 Metaspace       used 31514K, committed 32576K, reserved 1114112K
  class space    used 3169K, committed 3648K, reserved 1048576K
}
Event: 35.308 GC heap after
{Heap after GC invocations=12 (full 1):
 PSYoungGen      total 24064K, used 1521K [0x00000000d5580000, 0x00000000d7200000, 0x0000000100000000)
  eden space 22528K, 0% used [0x00000000d5580000,0x00000000d5580000,0x00000000d6b80000)
  from space 1536K, 99% used [0x00000000d6f00000,0x00000000d707c648,0x00000000d7080000)
  to   space 1536K, 0% used [0x00000000d7080000,0x00000000d7080000,0x00000000d7200000)
 ParOldGen       total 68608K, used 17191K [0x0000000080000000, 0x0000000084300000, 0x00000000d5580000)
  object space 68608K, 25% used [0x0000000080000000,0x00000000810c9d18,0x0000000084300000)
 Metaspace       used 31514K, committed 32576K, reserved 1114112K
  class space    used 3169K, committed 3648K, reserved 1048576K
}
Event: 35.468 GC heap before
{Heap before GC invocations=13 (full 1):
 PSYoungGen      total 24064K, used 24049K [0x00000000d5580000, 0x00000000d7200000, 0x0000000100000000)
  eden space 22528K, 100% used [0x00000000d5580000,0x00000000d6b80000,0x00000000d6b80000)
  from space 1536K, 99% used [0x00000000d6f00000,0x00000000d707c648,0x00000000d7080000)
  to   space 1536K, 0% used [0x00000000d7080000,0x00000000d7080000,0x00000000d7200000)
 ParOldGen       total 68608K, used 17191K [0x0000000080000000, 0x0000000084300000, 0x00000000d5580000)
  object space 68608K, 25% used [0x0000000080000000,0x00000000810c9d18,0x0000000084300000)
 Metaspace       used 34488K, committed 35648K, reserved 1114112K
  class space    used 3564K, committed 4096K, reserved 1048576K
}
Event: 35.470 GC heap after
{Heap after GC invocations=13 (full 1):
 PSYoungGen      total 23552K, used 1526K [0x00000000d5580000, 0x00000000d7200000, 0x0000000100000000)
  eden space 22016K, 0% used [0x00000000d5580000,0x00000000d5580000,0x00000000d6b00000)
  from space 1536K, 99% used [0x00000000d7080000,0x00000000d71fd9e8,0x00000000d7200000)
  to   space 3584K, 0% used [0x00000000d6b00000,0x00000000d6b00000,0x00000000d6e80000)
 ParOldGen       total 68608K, used 18862K [0x0000000080000000, 0x0000000084300000, 0x00000000d5580000)
  object space 68608K, 27% used [0x0000000080000000,0x000000008126b848,0x0000000084300000)
 Metaspace       used 34488K, committed 35648K, reserved 1114112K
  class space    used 3564K, committed 4096K, reserved 1048576K
}
Event: 35.498 GC heap before
{Heap before GC invocations=14 (full 1):
 PSYoungGen      total 23552K, used 5019K [0x00000000d5580000, 0x00000000d7200000, 0x0000000100000000)
  eden space 22016K, 15% used [0x00000000d5580000,0x00000000d58e9590,0x00000000d6b00000)
  from space 1536K, 99% used [0x00000000d7080000,0x00000000d71fd9e8,0x00000000d7200000)
  to   space 3584K, 0% used [0x00000000d6b00000,0x00000000d6b00000,0x00000000d6e80000)
 ParOldGen       total 68608K, used 18862K [0x0000000080000000, 0x0000000084300000, 0x00000000d5580000)
  object space 68608K, 27% used [0x0000000080000000,0x000000008126b848,0x0000000084300000)
 Metaspace       used 34822K, committed 35840K, reserved 1114112K
  class space    used 3626K, committed 4096K, reserved 1048576K
}
Event: 35.500 GC heap after
{Heap after GC invocations=14 (full 1):
 PSYoungGen      total 25600K, used 384K [0x00000000d5580000, 0x00000000d7100000, 0x0000000100000000)
  eden space 22016K, 0% used [0x00000000d5580000,0x00000000d5580000,0x00000000d6b00000)
  from space 3584K, 10% used [0x00000000d6b00000,0x00000000d6b60000,0x00000000d6e80000)
  to   space 1536K, 0% used [0x00000000d6f80000,0x00000000d6f80000,0x00000000d7100000)
 ParOldGen       total 68608K, used 19942K [0x0000000080000000, 0x0000000084300000, 0x00000000d5580000)
  object space 68608K, 29% used [0x0000000080000000,0x0000000081379848,0x0000000084300000)
 Metaspace       used 34822K, committed 35840K, reserved 1114112K
  class space    used 3626K, committed 4096K, reserved 1048576K
}
Event: 35.500 GC heap before
{Heap before GC invocations=15 (full 2):
 PSYoungGen      total 25600K, used 384K [0x00000000d5580000, 0x00000000d7100000, 0x0000000100000000)
  eden space 22016K, 0% used [0x00000000d5580000,0x00000000d5580000,0x00000000d6b00000)
  from space 3584K, 10% used [0x00000000d6b00000,0x00000000d6b60000,0x00000000d6e80000)
  to   space 1536K, 0% used [0x00000000d6f80000,0x00000000d6f80000,0x00000000d7100000)
 ParOldGen       total 68608K, used 19942K [0x0000000080000000, 0x0000000084300000, 0x00000000d5580000)
  object space 68608K, 29% used [0x0000000080000000,0x0000000081379848,0x0000000084300000)
 Metaspace       used 34822K, committed 35840K, reserved 1114112K
  class space    used 3626K, committed 4096K, reserved 1048576K
}
Event: 35.535 GC heap after
{Heap after GC invocations=15 (full 2):
 PSYoungGen      total 25600K, used 0K [0x00000000d5580000, 0x00000000d7100000, 0x0000000100000000)
  eden space 22016K, 0% used [0x00000000d5580000,0x00000000d5580000,0x00000000d6b00000)
  from space 3584K, 0% used [0x00000000d6b00000,0x00000000d6b00000,0x00000000d6e80000)
  to   space 1536K, 0% used [0x00000000d6f80000,0x00000000d6f80000,0x00000000d7100000)
 ParOldGen       total 68608K, used 19218K [0x0000000080000000, 0x0000000084300000, 0x00000000d5580000)
  object space 68608K, 28% used [0x0000000080000000,0x00000000812c4860,0x0000000084300000)
 Metaspace       used 34822K, committed 35840K, reserved 1114112K
  class space    used 3626K, committed 4096K, reserved 1048576K
}

Dll operation events (10 events):
Event: 0.030 Loaded shared library c:\Users\user\.antigravity\extensions\redhat.java-1.54.0-win32-x64\jre\21.0.10-win32-x86_64\bin\java.dll
Event: 0.065 Loaded shared library c:\Users\user\.antigravity\extensions\redhat.java-1.54.0-win32-x64\jre\21.0.10-win32-x86_64\bin\zip.dll
Event: 0.154 Loaded shared library C:\Users\user\.antigravity\extensions\redhat.java-1.54.0-win32-x64\jre\21.0.10-win32-x86_64\bin\instrument.dll
Event: 0.160 Loaded shared library C:\Users\user\.antigravity\extensions\redhat.java-1.54.0-win32-x64\jre\21.0.10-win32-x86_64\bin\net.dll
Event: 0.163 Loaded shared library C:\Users\user\.antigravity\extensions\redhat.java-1.54.0-win32-x64\jre\21.0.10-win32-x86_64\bin\nio.dll
Event: 0.167 Loaded shared library C:\Users\user\.antigravity\extensions\redhat.java-1.54.0-win32-x64\jre\21.0.10-win32-x86_64\bin\zip.dll
Event: 0.189 Loaded shared library C:\Users\user\.antigravity\extensions\redhat.java-1.54.0-win32-x64\jre\21.0.10-win32-x86_64\bin\jimage.dll
Event: 0.283 Loaded shared library c:\Users\user\.antigravity\extensions\redhat.java-1.54.0-win32-x64\jre\21.0.10-win32-x86_64\bin\verify.dll
Event: 21.123 Loaded shared library C:\Users\user\AppData\Roaming\Antigravity\User\globalStorage\redhat.java\1.54.0\config_win\org.eclipse.equinox.launcher\org.eclipse.equinox.launcher.win32.win32.x86_64_1.3.0.v20260203-2149\eclipse_11919.dll
Event: 32.841 Loaded shared library C:\Users\user\AppData\Local\Temp\jna-3599307\jna6146865266231533599.dll

Deoptimization events (20 events):
Event: 35.280 Thread 0x000001b22b62b2e0 Uncommon trap: trap_request=0xffffff45 fr.pc=0x000001b2364dd004 relative=0x0000000000001324
Event: 35.280 Thread 0x000001b22b62b2e0 Uncommon trap: reason=unstable_if action=reinterpret pc=0x000001b2364dd004 method=java.util.Properties.loadConvert([CIILjava/lang/StringBuilder;)Ljava/lang/String; @ 463 c2
Event: 35.280 Thread 0x000001b22b62b2e0 DEOPT PACKING pc=0x000001b2364dd004 sp=0x000000793c8f8400
Event: 35.280 Thread 0x000001b22b62b2e0 DEOPT UNPACKING pc=0x000001b235db3aa2 sp=0x000000793c8f83f0 mode 2
Event: 35.545 Thread 0x000001b289075b00 Uncommon trap: trap_request=0xffffffc6 fr.pc=0x000001b23640e70c relative=0x000000000000112c
Event: 35.545 Thread 0x000001b289075b00 Uncommon trap: reason=bimorphic_or_optimized_type_check action=maybe_recompile pc=0x000001b23640e70c method=java.util.Properties$LineReader.readLine()I @ 479 c2
Event: 35.545 Thread 0x000001b289075b00 DEOPT PACKING pc=0x000001b23640e70c sp=0x000000793f1fdfb0
Event: 35.545 Thread 0x000001b289075b00 DEOPT UNPACKING pc=0x000001b235db3aa2 sp=0x000000793f1fdf50 mode 2
Event: 35.555 Thread 0x000001b289075b00 Uncommon trap: trap_request=0xffffff45 fr.pc=0x000001b2364bc8e0 relative=0x0000000000001d00
Event: 35.555 Thread 0x000001b289075b00 Uncommon trap: reason=unstable_if action=reinterpret pc=0x000001b2364bc8e0 method=sun.nio.fs.WindowsPathParser.nextNonSlash(Ljava/lang/String;II)I @ 2 c2
Event: 35.555 Thread 0x000001b289075b00 DEOPT PACKING pc=0x000001b2364bc8e0 sp=0x000000793f1fe0c0
Event: 35.555 Thread 0x000001b289075b00 DEOPT UNPACKING pc=0x000001b235db3aa2 sp=0x000000793f1fe050 mode 2
Event: 35.576 Thread 0x000001b289072680 Uncommon trap: trap_request=0xffffff45 fr.pc=0x000001b2363b3818 relative=0x00000000000008d8
Event: 35.576 Thread 0x000001b289072680 Uncommon trap: reason=unstable_if action=reinterpret pc=0x000001b2363b3818 method=jdk.internal.org.objectweb.asm.SymbolTable.put(Ljdk/internal/org/objectweb/asm/SymbolTable$Entry;)Ljdk/internal/org/objectweb/asm/SymbolTable$Entry; @ 13 c2
Event: 35.576 Thread 0x000001b289072680 DEOPT PACKING pc=0x000001b2363b3818 sp=0x000000793e7fd820
Event: 35.576 Thread 0x000001b289072680 DEOPT UNPACKING pc=0x000001b235db3aa2 sp=0x000000793e7fd738 mode 2
Event: 35.597 Thread 0x000001b289072680 Uncommon trap: trap_request=0xffffffc6 fr.pc=0x000001b23640e70c relative=0x000000000000112c
Event: 35.597 Thread 0x000001b289072680 Uncommon trap: reason=bimorphic_or_optimized_type_check action=maybe_recompile pc=0x000001b23640e70c method=java.util.Properties$LineReader.readLine()I @ 479 c2
Event: 35.597 Thread 0x000001b289072680 DEOPT PACKING pc=0x000001b23640e70c sp=0x000000793e7fd930
Event: 35.597 Thread 0x000001b289072680 DEOPT UNPACKING pc=0x000001b235db3aa2 sp=0x000000793e7fd8d0 mode 2

Classes loaded (20 events):
Event: 35.563 Loading class java/util/stream/Streams$1
Event: 35.563 Loading class java/util/stream/Streams$1 done
Event: 35.564 Loading class java/nio/file/FileChannelLinesSpliterator$1
Event: 35.564 Loading class java/nio/file/FileChannelLinesSpliterator$1 done
Event: 35.564 Loading class java/nio/channels/Channels
Event: 35.564 Loading class java/nio/channels/Channels done
Event: 35.564 Loading class sun/nio/ch/Util
Event: 35.564 Loading class sun/nio/ch/Util done
Event: 35.565 Loading class sun/nio/ch/Util$1
Event: 35.565 Loading class sun/nio/ch/Util$1 done
Event: 35.565 Loading class sun/nio/ch/Util$BufferCache
Event: 35.565 Loading class sun/nio/ch/Util$BufferCache done
Event: 35.565 Loading class java/nio/DirectByteBuffer$Deallocator
Event: 35.565 Loading class java/nio/DirectByteBuffer$Deallocator done
Event: 35.590 Loading class sun/reflect/generics/tree/BottomSignature
Event: 35.590 Loading class sun/reflect/generics/tree/BottomSignature done
Event: 35.590 Loading class sun/reflect/generics/tree/Wildcard
Event: 35.590 Loading class sun/reflect/generics/tree/Wildcard done
Event: 35.591 Loading class sun/reflect/generics/reflectiveObjects/WildcardTypeImpl
Event: 35.591 Loading class sun/reflect/generics/reflectiveObjects/WildcardTypeImpl done

Classes unloaded (7 events):
Event: 33.822 Thread 0x000001b22b6ee9e0 Unloading class 0x000001b2431a8800 'java/lang/invoke/LambdaForm$MH+0x000001b2431a8800'
Event: 33.822 Thread 0x000001b22b6ee9e0 Unloading class 0x000001b2431a8400 'java/lang/invoke/LambdaForm$MH+0x000001b2431a8400'
Event: 33.822 Thread 0x000001b22b6ee9e0 Unloading class 0x000001b2431a8000 'java/lang/invoke/LambdaForm$MH+0x000001b2431a8000'
Event: 33.822 Thread 0x000001b22b6ee9e0 Unloading class 0x000001b2431a7c00 'java/lang/invoke/LambdaForm$MH+0x000001b2431a7c00'
Event: 33.822 Thread 0x000001b22b6ee9e0 Unloading class 0x000001b2431a7800 'java/lang/invoke/LambdaForm$BMH+0x000001b2431a7800'
Event: 33.822 Thread 0x000001b22b6ee9e0 Unloading class 0x000001b2431a7400 'java/lang/invoke/LambdaForm$DMH+0x000001b2431a7400'
Event: 33.822 Thread 0x000001b22b6ee9e0 Unloading class 0x000001b2431a6400 'java/lang/invoke/LambdaForm$DMH+0x000001b2431a6400'

Classes redefined (0 events):
No events

Internal exceptions (20 events):
Event: 34.951 Thread 0x000001b289072680 Exception <a 'java/lang/NoSuchMethodError'{0x00000000d5a958b8}: 'int java.lang.invoke.DirectMethodHandle$Holder.invokeStaticInit(java.lang.Object, double, double)'> (0x00000000d5a958b8) 
thrown [s\src\hotspot\share\interpreter\linkResolver.cpp, line 773]
Event: 34.952 Thread 0x000001b289072680 Exception <a 'java/lang/NoSuchMethodError'{0x00000000d5a99c70}: 'int java.lang.invoke.DirectMethodHandle$Holder.invokeStatic(java.lang.Object, long)'> (0x00000000d5a99c70) 
thrown [s\src\hotspot\share\interpreter\linkResolver.cpp, line 773]
Event: 34.960 Thread 0x000001b289072680 Exception <a 'java/lang/NoSuchMethodError'{0x00000000d5abd580}: 'int java.lang.invoke.Invokers$Holder.linkToTargetMethod(java.lang.Object, java.lang.Object)'> (0x00000000d5abd580) 
thrown [s\src\hotspot\share\interpreter\linkResolver.cpp, line 773]
Event: 34.960 Thread 0x000001b289072680 Implicit null exception at 0x000001b236412a40 to 0x000001b236412ab6
Event: 34.972 Thread 0x000001b289071960 Exception <a 'java/lang/NoSuchMethodError'{0x00000000d5b4c930}: 'int java.lang.invoke.DirectMethodHandle$Holder.invokeSpecial(java.lang.Object, java.lang.Object, java.lang.Object, java.lang.Object)'> (0x00000000d5b4c930) 
thrown [s\src\hotspot\share\interpreter\linkResolver.cpp, line 773]
Event: 34.973 Thread 0x000001b289071960 Exception <a 'java/lang/NoSuchMethodError'{0x00000000d5b616f0}: 'java.lang.Object java.lang.invoke.DirectMethodHandle$Holder.invokeStatic(java.lang.Object, int, java.lang.Object, java.lang.Object)'> (0x00000000d5b616f0) 
thrown [s\src\hotspot\share\interpreter\linkResolver.cpp, line 773]
Event: 34.973 Thread 0x000001b289071960 Exception <a 'java/lang/NoSuchMethodError'{0x00000000d5b692a0}: 'java.lang.Object java.lang.invoke.DelegatingMethodHandle$Holder.delegate(java.lang.Object, int, java.lang.Object, java.lang.Object)'> (0x00000000d5b692a0) 
thrown [s\src\hotspot\share\interpreter\linkResolver.cpp, line 773]
Event: 34.978 Thread 0x000001b289071960 Exception <a 'java/lang/NoSuchMethodError'{0x00000000d5b96778}: 'int java.lang.invoke.Invokers$Holder.linkToTargetMethod(java.lang.Object, java.lang.Object, java.lang.Object)'> (0x00000000d5b96778) 
thrown [s\src\hotspot\share\interpreter\linkResolver.cpp, line 773]
Event: 35.030 Thread 0x000001b289073a30 Exception <a 'java/io/FileNotFoundException'{0x00000000d5d21fd8}> (0x00000000d5d21fd8) 
thrown [s\src\hotspot\share\prims\jni.cpp, line 520]
Event: 35.039 Thread 0x000001b289072680 Exception <a 'java/lang/NoSuchMethodError'{0x00000000d5da2bc0}: 'java.lang.Object java.lang.invoke.DirectMethodHandle$Holder.invokeSpecialIFC(java.lang.Object, java.lang.Object, java.lang.Object, java.lang.Object)'> (0x00000000d5da2bc0) 
thrown [s\src\hotspot\share\interpreter\linkResolver.cpp, line 773]
Event: 35.069 Thread 0x000001b289073a30 Exception <a 'java/lang/UnsatisfiedLinkError'{0x00000000d5f0bc58}: The specified procedure could not be found.
> (0x00000000d5f0bc58) 
thrown [s\src\hotspot\share\prims\jni.cpp, line 539]
Event: 35.085 Thread 0x000001b289073a30 Exception <a 'java/io/FileNotFoundException'{0x00000000d5fc22a8}> (0x00000000d5fc22a8) 
thrown [s\src\hotspot\share\prims\jni.cpp, line 520]
Event: 35.110 Thread 0x000001b289073a30 Exception <a 'java/io/FileNotFoundException'{0x00000000d61c87b0}> (0x00000000d61c87b0) 
thrown [s\src\hotspot\share\prims\jni.cpp, line 520]
Event: 35.128 Thread 0x000001b289073a30 Exception <a 'java/lang/UnsatisfiedLinkError'{0x00000000d61fa930}: The specified procedure could not be found.
> (0x00000000d61fa930) 
thrown [s\src\hotspot\share\prims\jni.cpp, line 539]
Event: 35.316 Thread 0x000001b289074de0 Exception <a 'java/lang/NoSuchMethodError'{0x00000000d568cee8}: 'void java.lang.invoke.DirectMethodHandle$Holder.invokeStaticInit(java.lang.Object, java.lang.Object, java.lang.Object, java.lang.Object)'> (0x00000000d568cee8) 
thrown [s\src\hotspot\share\interpreter\linkResolver.cpp, line 773]
Event: 35.384 Thread 0x000001b22b62b2e0 Exception <a 'java/lang/NoSuchMethodError'{0x00000000d5f27290}: 'java.lang.Object java.lang.invoke.DirectMethodHandle$Holder.invokeStatic(java.lang.Object, long, java.lang.Object)'> (0x00000000d5f27290) 
thrown [s\src\hotspot\share\interpreter\linkResolver.cpp, line 773]
Event: 35.384 Thread 0x000001b22b62b2e0 Exception <a 'java/lang/NoSuchMethodError'{0x00000000d5f2a8f8}: 'java.lang.Object java.lang.invoke.DirectMethodHandle$Holder.invokeStaticInit(java.lang.Object, long, java.lang.Object)'> (0x00000000d5f2a8f8) 
thrown [s\src\hotspot\share\interpreter\linkResolver.cpp, line 773]
Event: 35.385 Thread 0x000001b22b62b2e0 Exception <a 'java/lang/NoSuchMethodError'{0x00000000d5f3d0c8}: 'java.lang.Object java.lang.invoke.DirectMethodHandle$Holder.newInvokeSpecial(java.lang.Object, long)'> (0x00000000d5f3d0c8) 
thrown [s\src\hotspot\share\interpreter\linkResolver.cpp, line 773]
Event: 35.423 Thread 0x000001b289076190 Exception <a 'java/io/FileNotFoundException'{0x00000000d650a268}> (0x00000000d650a268) 
thrown [s\src\hotspot\share\prims\jni.cpp, line 520]
Event: 35.545 Thread 0x000001b289075b00 Exception <a 'java/lang/NoSuchMethodError'{0x00000000d568c070}: 'void java.lang.invoke.DirectMethodHandle$Holder.invokeStaticInit(java.lang.Object, java.lang.Object, java.lang.Object)'> (0x00000000d568c070) 
thrown [s\src\hotspot\share\interpreter\linkResolver.cpp, line 773]

ZGC Phase Switch (0 events):
No events

VM Operations (20 events):
Event: 34.425 Executing safepoint VM operation: ParallelGCFailedAllocation (Allocation Failure) done
Event: 34.676 Executing non-safepoint VM operation: HandshakeAllThreads (Deoptimize)
Event: 34.676 Executing non-safepoint VM operation: HandshakeAllThreads (Deoptimize) done
Event: 34.785 Executing safepoint VM operation: ParallelGCFailedAllocation (Allocation Failure)
Event: 34.786 Executing safepoint VM operation: ParallelGCFailedAllocation (Allocation Failure) done
Event: 34.833 Executing non-safepoint VM operation: HandshakeAllThreads (Deoptimize)
Event: 34.833 Executing non-safepoint VM operation: HandshakeAllThreads (Deoptimize) done
Event: 34.929 Executing non-safepoint VM operation: HandshakeAllThreads (Deoptimize)
Event: 34.932 Executing non-safepoint VM operation: HandshakeAllThreads (Deoptimize) done
Event: 34.979 Executing non-safepoint VM operation: HandshakeAllThreads (Deoptimize)
Event: 34.979 Executing non-safepoint VM operation: HandshakeAllThreads (Deoptimize) done
Event: 35.302 Executing safepoint VM operation: ParallelGCFailedAllocation (Allocation Failure)
Event: 35.308 Executing safepoint VM operation: ParallelGCFailedAllocation (Allocation Failure) done
Event: 35.468 Executing safepoint VM operation: ParallelGCFailedAllocation (Allocation Failure)
Event: 35.470 Executing safepoint VM operation: ParallelGCFailedAllocation (Allocation Failure) done
Event: 35.498 Executing safepoint VM operation: CollectForMetadataAllocation (Metadata GC Threshold)
Event: 35.535 Executing safepoint VM operation: CollectForMetadataAllocation (Metadata GC Threshold) done
Event: 35.603 Executing non-safepoint VM operation: HandshakeAllThreads (Deoptimize)
Event: 35.605 Executing non-safepoint VM operation: HandshakeAllThreads (Deoptimize) done
Event: 36.605 Executing safepoint VM operation: Cleanup

Memory protections (0 events):
No events

Nmethod flushes (20 events):
Event: 35.517 Thread 0x000001b22b6ee9e0 flushing  nmethod 0x000001b22edb9090
Event: 35.517 Thread 0x000001b22b6ee9e0 flushing  nmethod 0x000001b22edf3390
Event: 35.517 Thread 0x000001b22b6ee9e0 flushing  nmethod 0x000001b22ee3d210
Event: 35.517 Thread 0x000001b22b6ee9e0 flushing  nmethod 0x000001b22ee8a390
Event: 35.517 Thread 0x000001b22b6ee9e0 flushing  nmethod 0x000001b22eeb6e90
Event: 35.517 Thread 0x000001b22b6ee9e0 flushing  nmethod 0x000001b22eeb8310
Event: 35.517 Thread 0x000001b22b6ee9e0 flushing  nmethod 0x000001b22eeb8c10
Event: 35.517 Thread 0x000001b22b6ee9e0 flushing  nmethod 0x000001b22eeb9e10
Event: 35.517 Thread 0x000001b22b6ee9e0 flushing  nmethod 0x000001b22eebae90
Event: 35.517 Thread 0x000001b22b6ee9e0 flushing  nmethod 0x000001b22eebcb90
Event: 35.517 Thread 0x000001b22b6ee9e0 flushing  nmethod 0x000001b22eebd490
Event: 35.517 Thread 0x000001b22b6ee9e0 flushing  nmethod 0x000001b22eebe990
Event: 35.517 Thread 0x000001b22b6ee9e0 flushing  nmethod 0x000001b22eebed90
Event: 35.517 Thread 0x000001b22b6ee9e0 flushing  nmethod 0x000001b22eec1590
Event: 35.517 Thread 0x000001b22b6ee9e0 flushing  nmethod 0x000001b22ef0e290
Event: 35.517 Thread 0x000001b22b6ee9e0 flushing  nmethod 0x000001b22ef1c990
Event: 35.517 Thread 0x000001b22b6ee9e0 flushing  nmethod 0x000001b22ef2ad90
Event: 35.517 Thread 0x000001b22b6ee9e0 flushing  nmethod 0x000001b22ef2b110
Event: 35.517 Thread 0x000001b22b6ee9e0 flushing  nmethod 0x000001b22ef59b90
Event: 35.517 Thread 0x000001b22b6ee9e0 flushing osr nmethod 0x000001b22ef77590

Events (20 events):
Event: 34.919 Thread 0x000001b289072680 Thread added: 0x000001b289076190
Event: 35.011 Thread 0x000001b289076190 Thread added: 0x000001b289074de0
Event: 35.265 Thread 0x000001b289074de0 Thread added: 0x000001b289075470
Event: 35.333 Thread 0x000001b289075470 Thread added: 0x000001b289075b00
Event: 35.397 Thread 0x000001b22b62b2e0 Thread added: 0x000001b289072d10
Event: 35.398 Thread 0x000001b22b62b2e0 Thread added: 0x000001b289076eb0
Event: 35.398 Thread 0x000001b22b62b2e0 Thread added: 0x000001b289076820
Event: 35.399 Thread 0x000001b22b62b2e0 Thread added: 0x000001b289077540
Event: 35.399 Thread 0x000001b22b62b2e0 Thread added: 0x000001b289077bd0
Event: 35.399 Thread 0x000001b22b62b2e0 Thread added: 0x000001b289078260
Event: 35.399 Thread 0x000001b22b62b2e0 Thread added: 0x000001b2890788f0
Event: 35.399 Thread 0x000001b22b62b2e0 Thread added: 0x000001b289e5c730
Event: 35.399 Thread 0x000001b22b62b2e0 Thread added: 0x000001b289e5ba10
Event: 35.399 Thread 0x000001b22b62b2e0 Thread added: 0x000001b289e5d450
Event: 35.400 Thread 0x000001b22b62b2e0 Thread added: 0x000001b289e5cdc0
Event: 35.400 Thread 0x000001b22b62b2e0 Thread added: 0x000001b289e5a660
Event: 35.400 Thread 0x000001b22b62b2e0 Thread added: 0x000001b289e5b380
Event: 35.435 Thread 0x000001b22b62b2e0 Thread added: 0x000001b289e5acf0
Event: 35.540 Thread 0x000001b289075b00 Thread added: 0x000001b289e5c0a0
Event: 35.571 Thread 0x000001b289075b00 Thread added: 0x000001b289e59fd0


Dynamic libraries:
0x00007ff6f76f0000 - 0x00007ff6f76fe000 	c:\Users\user\.antigravity\extensions\redhat.java-1.54.0-win32-x64\jre\21.0.10-win32-x86_64\bin\java.exe
0x00007ffb39340000 - 0x00007ffb395a7000 	C:\WINDOWS\SYSTEM32\ntdll.dll
0x00007ffb385a0000 - 0x00007ffb38669000 	C:\WINDOWS\System32\KERNEL32.DLL
0x00007ffb369e0000 - 0x00007ffb36dd0000 	C:\WINDOWS\System32\KERNELBASE.dll
0x00007ffb36730000 - 0x00007ffb3687b000 	C:\WINDOWS\System32\ucrtbase.dll
0x00007ffae64f0000 - 0x00007ffae6508000 	c:\Users\user\.antigravity\extensions\redhat.java-1.54.0-win32-x64\jre\21.0.10-win32-x86_64\bin\jli.dll
0x00007ffb38890000 - 0x00007ffb38a55000 	C:\WINDOWS\System32\USER32.dll
0x00007ffb370a0000 - 0x00007ffb370c7000 	C:\WINDOWS\System32\win32u.dll
0x00007ffb38860000 - 0x00007ffb3888b000 	C:\WINDOWS\System32\GDI32.dll
0x00007ffb365f0000 - 0x00007ffb36728000 	C:\WINDOWS\System32\gdi32full.dll
0x00007ffb36f60000 - 0x00007ffb37003000 	C:\WINDOWS\System32\msvcp_win.dll
0x00007ffae5fb0000 - 0x00007ffae5fce000 	c:\Users\user\.antigravity\extensions\redhat.java-1.54.0-win32-x64\jre\21.0.10-win32-x86_64\bin\VCRUNTIME140.dll
0x00007ffb22cb0000 - 0x00007ffb22f4a000 	C:\WINDOWS\WinSxS\amd64_microsoft.windows.common-controls_6595b64144ccf1df_6.0.26100.4768_none_3e0c112ce331287c\COMCTL32.dll
0x00007ffb383c0000 - 0x00007ffb38469000 	C:\WINDOWS\System32\msvcrt.dll
0x00007ffb38380000 - 0x00007ffb383af000 	C:\WINDOWS\System32\IMM32.DLL
0x00007ffb25bd0000 - 0x00007ffb25bdc000 	c:\Users\user\.antigravity\extensions\redhat.java-1.54.0-win32-x64\jre\21.0.10-win32-x86_64\bin\vcruntime140_1.dll
0x00007ffae5cc0000 - 0x00007ffae5d4d000 	c:\Users\user\.antigravity\extensions\redhat.java-1.54.0-win32-x64\jre\21.0.10-win32-x86_64\bin\msvcp140.dll
0x00007ffae4c40000 - 0x00007ffae59e1000 	c:\Users\user\.antigravity\extensions\redhat.java-1.54.0-win32-x64\jre\21.0.10-win32-x86_64\bin\server\jvm.dll
0x00007ffb387a0000 - 0x00007ffb38854000 	C:\WINDOWS\System32\ADVAPI32.dll
0x00007ffb37470000 - 0x00007ffb37516000 	C:\WINDOWS\System32\sechost.dll
0x00007ffb37d70000 - 0x00007ffb37e88000 	C:\WINDOWS\System32\RPCRT4.dll
0x00007ffb38670000 - 0x00007ffb386e4000 	C:\WINDOWS\System32\WS2_32.dll
0x00007ffb362f0000 - 0x00007ffb3634e000 	C:\WINDOWS\SYSTEM32\POWRPROF.dll
0x00007ffb238f0000 - 0x00007ffb23925000 	C:\WINDOWS\SYSTEM32\WINMM.dll
0x00007ffb24230000 - 0x00007ffb2423b000 	C:\WINDOWS\SYSTEM32\VERSION.dll
0x00007ffb362d0000 - 0x00007ffb362e4000 	C:\WINDOWS\SYSTEM32\UMPDC.dll
0x00007ffb351f0000 - 0x00007ffb3520b000 	C:\WINDOWS\SYSTEM32\kernel.appcore.dll
0x00007ffb0e560000 - 0x00007ffb0e56a000 	c:\Users\user\.antigravity\extensions\redhat.java-1.54.0-win32-x64\jre\21.0.10-win32-x86_64\bin\jimage.dll
0x00007ffb23fe0000 - 0x00007ffb24221000 	C:\WINDOWS\SYSTEM32\DBGHELP.DLL
0x00007ffb37ff0000 - 0x00007ffb38375000 	C:\WINDOWS\System32\combase.dll
0x00007ffb37f00000 - 0x00007ffb37fe0000 	C:\WINDOWS\System32\OLEAUT32.dll
0x00007ffb238a0000 - 0x00007ffb238e3000 	C:\WINDOWS\SYSTEM32\dbgcore.DLL
0x00007ffb36880000 - 0x00007ffb36919000 	C:\WINDOWS\System32\bcryptPrimitives.dll
0x00007ffae5c70000 - 0x00007ffae5c7f000 	c:\Users\user\.antigravity\extensions\redhat.java-1.54.0-win32-x64\jre\21.0.10-win32-x86_64\bin\instrument.dll
0x00007ffae5ca0000 - 0x00007ffae5cc0000 	c:\Users\user\.antigravity\extensions\redhat.java-1.54.0-win32-x64\jre\21.0.10-win32-x86_64\bin\java.dll
0x00007ffb375a0000 - 0x00007ffb37ced000 	C:\WINDOWS\System32\SHELL32.dll
0x00007ffb36de0000 - 0x00007ffb36f53000 	C:\WINDOWS\System32\wintypes.dll
0x00007ffb34090000 - 0x00007ffb348f0000 	C:\WINDOWS\SYSTEM32\windows.storage.dll
0x00007ffb38b00000 - 0x00007ffb38bf5000 	C:\WINDOWS\System32\SHCORE.dll
0x00007ffb37400000 - 0x00007ffb3746a000 	C:\WINDOWS\System32\shlwapi.dll
0x00007ffb36390000 - 0x00007ffb363b9000 	C:\WINDOWS\SYSTEM32\profapi.dll
0x00007ffae5c80000 - 0x00007ffae5c98000 	c:\Users\user\.antigravity\extensions\redhat.java-1.54.0-win32-x64\jre\21.0.10-win32-x86_64\bin\zip.dll
0x00007ffae72a0000 - 0x00007ffae72b0000 	C:\Users\user\.antigravity\extensions\redhat.java-1.54.0-win32-x64\jre\21.0.10-win32-x86_64\bin\net.dll
0x00007ffb2f7d0000 - 0x00007ffb2f8ee000 	C:\WINDOWS\SYSTEM32\WINHTTP.dll
0x00007ffb35780000 - 0x00007ffb357eb000 	C:\WINDOWS\system32\mswsock.dll
0x00007ffae5c50000 - 0x00007ffae5c66000 	C:\Users\user\.antigravity\extensions\redhat.java-1.54.0-win32-x64\jre\21.0.10-win32-x86_64\bin\nio.dll
0x00007ffae5c40000 - 0x00007ffae5c50000 	c:\Users\user\.antigravity\extensions\redhat.java-1.54.0-win32-x64\jre\21.0.10-win32-x86_64\bin\verify.dll
0x00007ffae1c70000 - 0x00007ffae1cb5000 	C:\Users\user\AppData\Roaming\Antigravity\User\globalStorage\redhat.java\1.54.0\config_win\org.eclipse.equinox.launcher\org.eclipse.equinox.launcher.win32.win32.x86_64_1.3.0.v20260203-2149\eclipse_11919.dll
0x00007ffb37250000 - 0x00007ffb373f0000 	C:\WINDOWS\System32\ole32.dll
0x00007ffb35a40000 - 0x00007ffb35a5b000 	C:\WINDOWS\SYSTEM32\CRYPTSP.dll
0x00007ffb35150000 - 0x00007ffb3518b000 	C:\WINDOWS\system32\rsaenh.dll
0x00007ffb35820000 - 0x00007ffb3584b000 	C:\WINDOWS\SYSTEM32\USERENV.dll
0x00007ffb36360000 - 0x00007ffb36386000 	C:\WINDOWS\SYSTEM32\bcrypt.dll
0x00007ffb35a60000 - 0x00007ffb35a6c000 	C:\WINDOWS\SYSTEM32\CRYPTBASE.dll
0x00007ffb34c00000 - 0x00007ffb34c33000 	C:\WINDOWS\SYSTEM32\IPHLPAPI.DLL
0x00007ffb370d0000 - 0x00007ffb370da000 	C:\WINDOWS\System32\NSI.dll
0x00007ffb18d30000 - 0x00007ffb18d79000 	C:\Users\user\AppData\Local\Temp\jna-3599307\jna6146865266231533599.dll
0x00007ffb37ef0000 - 0x00007ffb37ef8000 	C:\WINDOWS\System32\PSAPI.DLL
0x00007ffb2f7a0000 - 0x00007ffb2f7bf000 	C:\WINDOWS\SYSTEM32\dhcpcsvc6.DLL
0x00007ffb2f770000 - 0x00007ffb2f795000 	C:\WINDOWS\SYSTEM32\dhcpcsvc.DLL

JVMTI agents:
c:\Users\user\.antigravity\extensions\redhat.java-1.54.0-win32-x64\lombok\lombok-1.18.39-4050.jar path:c:\Users\user\.antigravity\extensions\redhat.java-1.54.0-win32-x64\jre\21.0.10-win32-x86_64\bin\instrument.dll, loaded, initialized, instrumentlib options:none

dbghelp: loaded successfully - version: 4.0.5 - missing functions: none
symbol engine: initialized successfully - sym options: 0x614 - pdb path: .;c:\Users\user\.antigravity\extensions\redhat.java-1.54.0-win32-x64\jre\21.0.10-win32-x86_64\bin;C:\WINDOWS\SYSTEM32;C:\WINDOWS\WinSxS\amd64_microsoft.windows.common-controls_6595b64144ccf1df_6.0.26100.4768_none_3e0c112ce331287c;c:\Users\user\.antigravity\extensions\redhat.java-1.54.0-win32-x64\jre\21.0.10-win32-x86_64\bin\server;C:\Users\user\AppData\Roaming\Antigravity\User\globalStorage\redhat.java\1.54.0\config_win\org.eclipse.equinox.launcher\org.eclipse.equinox.launcher.win32.win32.x86_64_1.3.0.v20260203-2149;C:\Users\user\AppData\Local\Temp\jna-3599307

VM Arguments:
jvm_args: --add-modules=ALL-SYSTEM --add-opens=java.base/java.util=ALL-UNNAMED --add-opens=java.base/java.lang=ALL-UNNAMED --add-opens=java.base/sun.nio.fs=ALL-UNNAMED -Declipse.application=org.eclipse.jdt.ls.core.id1 -Dosgi.bundles.defaultStartLevel=4 -Declipse.product=org.eclipse.jdt.ls.core.product -Djava.import.generatesMetadataFilesAtProjectRoot=false -DDetectVMInstallationsJob.disabled=true -Dfile.encoding=utf8 -XX:+UseParallelGC -XX:GCTimeRatio=4 -XX:AdaptiveSizePolicyWeight=90 -Dsun.zip.disableMemoryMapping=true -Xmx2G -Xms100m -Xlog:disable -javaagent:c:\Users\user\.antigravity\extensions\redhat.java-1.54.0-win32-x64\lombok\lombok-1.18.39-4050.jar -XX:+HeapDumpOnOutOfMemoryError -XX:HeapDumpPath=c:\Users\user\AppData\Roaming\Antigravity\User\workspaceStorage\89cf6e63b44166af2c90cfe724ccc06d\redhat.java -Daether.dependencyCollector.impl=bf 
java_command: c:\Users\user\.antigravity\extensions\redhat.java-1.54.0-win32-x64\server\plugins\org.eclipse.equinox.launcher_1.7.100.v20251111-0406.jar -configuration c:\Users\user\AppData\Roaming\Antigravity\User\globalStorage\redhat.java\1.54.0\config_win -data c:\Users\user\AppData\Roaming\Antigravity\User\workspaceStorage\89cf6e63b44166af2c90cfe724ccc06d\redhat.java\jdt_ws --pipe=\\.\pipe\lsp-e3a9519d2307a3c5d6bbee62da837ba6-sock
java_class_path (initial): c:\Users\user\.antigravity\extensions\redhat.java-1.54.0-win32-x64\server\plugins\org.eclipse.equinox.launcher_1.7.100.v20251111-0406.jar
Launcher Type: SUN_STANDARD

[Global flags]
    uintx AdaptiveSizePolicyWeight                 = 90                                        {product} {command line}
     intx CICompilerCount                          = 4                                         {product} {ergonomic}
    uintx GCTimeRatio                              = 4                                         {product} {command line}
     bool HeapDumpOnOutOfMemoryError               = true                                   {manageable} {command line}
    ccstr HeapDumpPath                             = c:\Users\user\AppData\Roaming\Antigravity\User\workspaceStorage\89cf6e63b44166af2c90cfe724ccc06d\redhat.java         {manageable} {command line}
   size_t InitialHeapSize                          = 104857600                                 {product} {command line}
   size_t MaxHeapSize                              = 2147483648                                {product} {command line}
   size_t MaxNewSize                               = 715653120                                 {product} {ergonomic}
   size_t MinHeapDeltaBytes                        = 524288                                    {product} {ergonomic}
   size_t MinHeapSize                              = 104857600                                 {product} {command line}
   size_t NewSize                                  = 34603008                                  {product} {ergonomic}
    uintx NonNMethodCodeHeapSize                   = 5839372                                {pd product} {ergonomic}
    uintx NonProfiledCodeHeapSize                  = 122909434                              {pd product} {ergonomic}
   size_t OldSize                                  = 70254592                                  {product} {ergonomic}
    uintx ProfiledCodeHeapSize                     = 122909434                              {pd product} {ergonomic}
    uintx ReservedCodeCacheSize                    = 251658240                              {pd product} {ergonomic}
     bool SegmentedCodeCache                       = true                                      {product} {ergonomic}
   size_t SoftMaxHeapSize                          = 2147483648                             {manageable} {ergonomic}
     bool UseCompressedOops                        = true                           {product lp64_product} {ergonomic}
     bool UseLargePagesIndividualAllocation        = false                                  {pd product} {ergonomic}
     bool UseParallelGC                            = true                                      {product} {command line}

Logging:
Log output configuration:
 #0: stdout all=off uptime,level,tags foldmultilines=false
 #1: stderr all=off uptime,level,tags foldmultilines=false

Release file:
JAVA_VERSION="21.0.10" 
MODULES="java.base java.compiler java.datatransfer java.xml java.prefs java.desktop java.instrument java.logging java.management java.security.sasl java.naming java.rmi java.management.rmi java.net.http java.scripting java.security.jgss java.transaction.xa java.sql java.sql.rowset java.xml.crypto java.se java.smartcardio jdk.accessibility jdk.internal.jvmstat jdk.attach jdk.charsets jdk.internal.opt jdk.zipfs jdk.compiler jdk.crypto.ec jdk.crypto.cryptoki jdk.crypto.mscapi jdk.dynalink jdk.internal.ed jdk.editpad jdk.hotspot.agent jdk.httpserver jdk.internal.le jdk.internal.vm.ci jdk.internal.vm.compiler jdk.internal.vm.compiler.management jdk.jartool jdk.javadoc jdk.jcmd jdk.management jdk.management.agent jdk.jconsole jdk.jdeps jdk.jdwp.agent jdk.jdi jdk.jfr jdk.jshell jdk.jsobject jdk.jstatd jdk.localedata jdk.management.jfr jdk.naming.dns jdk.naming.rmi jdk.net jdk.nio.mapmode jdk.random jdk.sctp jdk.security.auth jdk.security.jgss jdk.unsupported jdk.unsupported.desktop jdk.xml.dom" 

Environment Variables:
PATH=C:\Program Files (x86)\Common Files\Oracle\Java\javapath;C:\WINDOWS\system32;C:\WINDOWS;C:\WINDOWS\System32\Wbem;C:\WINDOWS\System32\WindowsPowerShell\v1.0\;C:\WINDOWS\System32\OpenSSH\;c:\Users\user\AppData\Local\Programs\cursor\resources\app\codeBin;C:\Users\user\AppData\Local\Microsoft\WindowsApps;D:\Users\user\AppData\Local\Programs\Antigravity\bin;C:\Users\user\AppData\Local\Programs\cursor\resources\app\bin
USERNAME=user
OS=Windows_NT
PROCESSOR_IDENTIFIER=Intel64 Family 6 Model 165 Stepping 3, GenuineIntel
TMP=C:\Users\user\AppData\Local\Temp
TEMP=C:\Users\user\AppData\Local\Temp




Periodic native trim disabled

---------------  S Y S T E M  ---------------

OS:
 Windows 11 , 64 bit Build 26100 (10.0.26100.4768)
OS uptime: 0 days 0:11 hours

CPU: total 12 (initial active 12) (6 cores per cpu, 2 threads per core) family 6 model 165 stepping 3 microcode 0xf0, cx8, cmov, fxsr, ht, mmx, 3dnowpref, sse, sse2, sse3, ssse3, sse4.1, sse4.2, popcnt, lzcnt, tsc, tscinvbit, avx, avx2, aes, erms, clmul, bmi1, bmi2, adx, fma, vzeroupper, clflush, clflushopt, rdtscp, f16c
Processor Information for the first 12 processors :
  Max Mhz: 2904, Current Mhz: 2904, Mhz Limit: 2904

Memory: 4k page, system-wide physical 16211M (748M free)
TotalPageFile size 20307M (AvailPageFile size 55M)
current process WorkingSet (physical memory assigned to process): 200M, peak: 204M
current process commit charge ("private bytes"): 326M, peak: 331M

vm_info: OpenJDK 64-Bit Server VM (21.0.10+7-LTS) for windows-amd64 JRE (21.0.10+7-LTS), built on 2026-01-20T00:00:00Z by "admin" with MS VC++ 17.12 (VS2022)

END.
